<?xml version="1.0" encoding="UTF-8"?>
<testng-results skipped="0" failed="0" ignored="0" total="1" passed="1">
  <reporter-output>
  </reporter-output>
  <suite name="Default suite" duration-ms="7343" started-at="2023-07-23T06:39:12Z" finished-at="2023-07-23T06:39:19Z">
    <groups>
    </groups>
    <test name="Default test" duration-ms="7343" started-at="2023-07-23T06:39:12Z" finished-at="2023-07-23T06:39:19Z">
      <class name="ECommerceApiTest">
        <test-method status="PASS" signature="login()[pri:0, instance:ECommerceApiTest@26653222]" name="login" duration-ms="7296" started-at="2023-07-23T06:39:12Z" finished-at="2023-07-23T06:39:19Z">
          <reporter-output>
          </reporter-output>
        </test-method> <!-- login -->
      </class> <!-- ECommerceApiTest -->
    </test> <!-- Default test -->
  </suite> <!-- Default suite -->
</testng-results>
